0: {0, 1, 2, 3, 4, 5, 6, 7, 8, 9, 10, 11, 12, 13, 14, 15, 16, 17, 18, 19, 20, 21, 22, 23, 24, 25, 26, 27, 28, 29, 30, 31, 32, 33}
1: {0, 1, 2, 3, 4, 5, 6, 7, 8, 9, 10, 12, 13, 14, 15, 16, 17, 18, 19, 20, 21, 22, 23, 24, 25, 26, 27, 28, 29, 30, 31, 32, 33}
1: {11} (leaf)
2: {0, 1, 2, 3, 4, 5, 6, 7, 8, 9, 10, 13, 14, 15, 16, 17, 18, 19, 20, 21, 22, 23, 24, 25, 26, 27, 28, 29, 30, 31, 32, 33}
2: {12} (leaf)
3: {0, 1, 2, 3, 4, 5, 6, 7, 8, 9, 10, 13, 14, 15, 16, 17, 18, 19, 21, 22, 23, 24, 25, 26, 27, 28, 29, 30, 31, 32, 33}
3: {20} (leaf)
4: {0, 1, 2, 3, 4, 5, 6, 7, 8, 9, 10, 13, 14, 15, 16, 17, 18, 19, 21, 23, 24, 25, 26, 27, 28, 29, 30, 31, 32, 33}
4: {22} (leaf)
5: {0, 1, 2, 3, 4, 5, 6, 7, 8, 9, 10, 13, 14, 15, 17, 18, 19, 21, 23, 24, 25, 26, 27, 28, 29, 30, 31, 32, 33}
5: {16} (leaf)
6: {0, 1, 2, 3, 4, 6, 7, 8, 9, 10, 13, 14, 15, 17, 18, 19, 21, 23, 24, 25, 26, 27, 28, 29, 30, 31, 32, 33}
6: {5} (leaf)
7: {0, 1, 2, 3, 4, 6, 8, 9, 10, 13, 14, 15, 17, 18, 19, 21, 23, 24, 25, 26, 27, 28, 29, 30, 31, 32, 33}
7: {7} (leaf)
8: {0, 1, 2, 3, 4, 6, 8, 9, 10, 13, 14, 15, 18, 19, 21, 23, 24, 25, 26, 27, 28, 29, 30, 31, 32, 33}
8: {17} (leaf)
9: {0, 1, 2, 3, 4, 6, 8, 9, 10, 13, 14, 15, 18, 21, 23, 24, 25, 26, 27, 28, 29, 30, 31, 32, 33}
9: {19} (leaf)
10: {0, 1, 2, 3, 4, 6, 8, 9, 10, 14, 15, 18, 21, 23, 24, 25, 26, 27, 28, 29, 30, 31, 32, 33}
10: {13} (leaf)
11: {0, 1, 2, 3, 4, 6, 8, 9, 10, 14, 15, 21, 23, 24, 25, 26, 27, 28, 29, 30, 31, 32, 33}
11: {18} (leaf)
12: {0, 1, 2, 3, 4, 6, 8, 9, 10, 14, 15, 21, 23, 24, 26, 27, 28, 29, 30, 31, 32, 33}
12: {25} (leaf)
13: {0, 1, 2, 3, 8, 9, 14, 15, 21, 23, 24, 26, 27, 28, 29, 30, 31, 32, 33}
13: {4, 6, 10}
14: {0, 1, 2, 3, 21}
14: {4, 10}
14: {6} (leaf)
14: {8, 9, 14, 15, 23, 24, 26, 27, 28, 29, 30, 31, 32, 33}
15: {0, 3, 21}
15: {10} (leaf)
15: {1, 2}
15: {23} (leaf)
15: {4} (leaf)
15: {8, 9, 14, 15, 24, 26, 27, 28, 29, 30, 31, 32, 33}
16: {0, 3}
16: {1} (leaf)
16: {21} (leaf)
16: {2} (leaf)
16: {8} (leaf)
16: {9, 14, 15, 24, 26, 27, 28, 29, 30, 31, 32, 33}
17: {0} (leaf)
17: {14, 15, 24, 26, 27, 28, 29, 30, 31, 32, 33}
17: {3} (leaf)
17: {9} (leaf)
18: {14} (leaf)
18: {15, 24, 26, 27, 28, 29, 30, 31, 32, 33}
19: {15} (leaf)
19: {24, 26, 27, 28, 29, 30, 31, 32, 33}
20: {24, 27, 28, 29, 30, 31, 32, 33}
20: {26} (leaf)
21: {24, 27, 28, 29, 30, 31, 33}
21: {32} (leaf)
22: {24, 27, 29, 30, 31, 33}
22: {28} (leaf)
23: {24, 29, 30, 31, 33}
23: {27} (leaf)
24: {24} (leaf)
24: {29, 30, 31, 33}
25: {29} (leaf)
25: {30, 31, 33}
26: {30} (leaf)
26: {31, 33}
27: {31} (leaf)
27: {33} (leaf)
